<?xml version="1.0" encoding="UTF-8"?>
<testng-results ignored="0" total="23" passed="23" failed="0" skipped="0">
  <reporter-output>
  </reporter-output>
  <suite started-at="2024-01-07T18:57:20 EST" name="Suite" finished-at="2024-01-07T18:59:54 EST" duration-ms="153954">
    <groups>
      <group name="cucumber">
        <method signature="AbstractTestNGCucumberTests.runScenario(io.cucumber.testng.PickleWrapper,io.cucumber.testng.FeatureWrapper)[pri:0, instance:com.bdd.Runner_files.Test_Runner_TestNG@1a75e76a]" name="runScenario" class="io.cucumber.testng.AbstractTestNGCucumberTests"/>
      </group> <!-- cucumber -->
    </groups>
    <test started-at="2024-01-07T18:57:20 EST" name="Test" finished-at="2024-01-07T18:59:54 EST" duration-ms="153954">
      <class name="com.bdd.Runner_files.Test_Runner_TestNG">
        <test-method is-config="true" signature="setUpClass(org.testng.ITestContext)[pri:0, instance:com.bdd.Runner_files.Test_Runner_TestNG@1a75e76a]" started-at="2024-01-07T18:57:20 EST" name="setUpClass" finished-at="2024-01-07T18:57:21 EST" duration-ms="570" status="PASS">
          <params>
            <param index="0">
              <value>
                <![CDATA[org.testng.TestRunner@5f26cb8b]]>
              </value>
            </param>
          </params>
          <reporter-output>
          </reporter-output>
        </test-method> <!-- setUpClass -->
        <test-method signature="runScenario(io.cucumber.testng.PickleWrapper,io.cucumber.testng.FeatureWrapper)[pri:0, instance:com.bdd.Runner_files.Test_Runner_TestNG@1a75e76a]" started-at="2024-01-07T18:57:21 EST" name="runScenario" description="Runs Cucumber Scenarios" data-provider="scenarios" finished-at="2024-01-07T18:57:30 EST" duration-ms="9383" status="PASS">
          <params>
            <param index="0">
              <value>
                <![CDATA["Add a product to cart"]]>
              </value>
            </param>
            <param index="1">
              <value>
                <![CDATA["AddToCart functionality of TutorialsNinja"]]>
              </value>
            </param>
          </params>
          <reporter-output>
          </reporter-output>
        </test-method> <!-- runScenario -->
        <test-method signature="runScenario(io.cucumber.testng.PickleWrapper,io.cucumber.testng.FeatureWrapper)[pri:0, instance:com.bdd.Runner_files.Test_Runner_TestNG@1a75e76a]" started-at="2024-01-07T18:57:30 EST" name="runScenario" description="Runs Cucumber Scenarios" data-provider="scenarios" finished-at="2024-01-07T18:57:37 EST" duration-ms="6839" status="PASS">
          <params>
            <param index="0">
              <value>
                <![CDATA["Login with valid credentials"]]>
              </value>
            </param>
            <param index="1">
              <value>
                <![CDATA["Login functionality of TutorialsNinja"]]>
              </value>
            </param>
          </params>
          <reporter-output>
          </reporter-output>
        </test-method> <!-- runScenario -->
        <test-method signature="runScenario(io.cucumber.testng.PickleWrapper,io.cucumber.testng.FeatureWrapper)[pri:0, instance:com.bdd.Runner_files.Test_Runner_TestNG@1a75e76a]" started-at="2024-01-07T18:57:37 EST" name="runScenario" description="Runs Cucumber Scenarios" data-provider="scenarios" finished-at="2024-01-07T18:57:43 EST" duration-ms="5821" status="PASS">
          <params>
            <param index="0">
              <value>
                <![CDATA["Login with valid credentials"]]>
              </value>
            </param>
            <param index="1">
              <value>
                <![CDATA["Login functionality of TutorialsNinja"]]>
              </value>
            </param>
          </params>
          <reporter-output>
          </reporter-output>
        </test-method> <!-- runScenario -->
        <test-method signature="runScenario(io.cucumber.testng.PickleWrapper,io.cucumber.testng.FeatureWrapper)[pri:0, instance:com.bdd.Runner_files.Test_Runner_TestNG@1a75e76a]" started-at="2024-01-07T18:57:43 EST" name="runScenario" description="Runs Cucumber Scenarios" data-provider="scenarios" finished-at="2024-01-07T18:57:51 EST" duration-ms="7897" status="PASS">
          <params>
            <param index="0">
              <value>
                <![CDATA["Login with valid credentials"]]>
              </value>
            </param>
            <param index="1">
              <value>
                <![CDATA["Login functionality of TutorialsNinja"]]>
              </value>
            </param>
          </params>
          <reporter-output>
          </reporter-output>
        </test-method> <!-- runScenario -->
        <test-method signature="runScenario(io.cucumber.testng.PickleWrapper,io.cucumber.testng.FeatureWrapper)[pri:0, instance:com.bdd.Runner_files.Test_Runner_TestNG@1a75e76a]" started-at="2024-01-07T18:57:51 EST" name="runScenario" description="Runs Cucumber Scenarios" data-provider="scenarios" finished-at="2024-01-07T18:57:57 EST" duration-ms="6415" status="PASS">
          <params>
            <param index="0">
              <value>
                <![CDATA["Login with valid credentials"]]>
              </value>
            </param>
            <param index="1">
              <value>
                <![CDATA["Login functionality of TutorialsNinja"]]>
              </value>
            </param>
          </params>
          <reporter-output>
          </reporter-output>
        </test-method> <!-- runScenario -->
        <test-method signature="runScenario(io.cucumber.testng.PickleWrapper,io.cucumber.testng.FeatureWrapper)[pri:0, instance:com.bdd.Runner_files.Test_Runner_TestNG@1a75e76a]" started-at="2024-01-07T18:57:57 EST" name="runScenario" description="Runs Cucumber Scenarios" data-provider="scenarios" finished-at="2024-01-07T18:58:04 EST" duration-ms="6321" status="PASS">
          <params>
            <param index="0">
              <value>
                <![CDATA["Login with valid credentials"]]>
              </value>
            </param>
            <param index="1">
              <value>
                <![CDATA["Login functionality of TutorialsNinja"]]>
              </value>
            </param>
          </params>
          <reporter-output>
          </reporter-output>
        </test-method> <!-- runScenario -->
        <test-method signature="runScenario(io.cucumber.testng.PickleWrapper,io.cucumber.testng.FeatureWrapper)[pri:0, instance:com.bdd.Runner_files.Test_Runner_TestNG@1a75e76a]" started-at="2024-01-07T18:58:04 EST" name="runScenario" description="Runs Cucumber Scenarios" data-provider="scenarios" finished-at="2024-01-07T18:58:11 EST" duration-ms="7252" status="PASS">
          <params>
            <param index="0">
              <value>
                <![CDATA["Login with valid credentials"]]>
              </value>
            </param>
            <param index="1">
              <value>
                <![CDATA["Login functionality of TutorialsNinja"]]>
              </value>
            </param>
          </params>
          <reporter-output>
          </reporter-output>
        </test-method> <!-- runScenario -->
        <test-method signature="runScenario(io.cucumber.testng.PickleWrapper,io.cucumber.testng.FeatureWrapper)[pri:0, instance:com.bdd.Runner_files.Test_Runner_TestNG@1a75e76a]" started-at="2024-01-07T18:58:11 EST" name="runScenario" description="Runs Cucumber Scenarios" data-provider="scenarios" finished-at="2024-01-07T18:58:18 EST" duration-ms="6704" status="PASS">
          <params>
            <param index="0">
              <value>
                <![CDATA["Login with valid credentials"]]>
              </value>
            </param>
            <param index="1">
              <value>
                <![CDATA["Login functionality of TutorialsNinja"]]>
              </value>
            </param>
          </params>
          <reporter-output>
          </reporter-output>
        </test-method> <!-- runScenario -->
        <test-method signature="runScenario(io.cucumber.testng.PickleWrapper,io.cucumber.testng.FeatureWrapper)[pri:0, instance:com.bdd.Runner_files.Test_Runner_TestNG@1a75e76a]" started-at="2024-01-07T18:58:18 EST" name="runScenario" description="Runs Cucumber Scenarios" data-provider="scenarios" finished-at="2024-01-07T18:58:24 EST" duration-ms="6772" status="PASS">
          <params>
            <param index="0">
              <value>
                <![CDATA["Login with valid credentials"]]>
              </value>
            </param>
            <param index="1">
              <value>
                <![CDATA["Login functionality of TutorialsNinja"]]>
              </value>
            </param>
          </params>
          <reporter-output>
          </reporter-output>
        </test-method> <!-- runScenario -->
        <test-method signature="runScenario(io.cucumber.testng.PickleWrapper,io.cucumber.testng.FeatureWrapper)[pri:0, instance:com.bdd.Runner_files.Test_Runner_TestNG@1a75e76a]" started-at="2024-01-07T18:58:24 EST" name="runScenario" description="Runs Cucumber Scenarios" data-provider="scenarios" finished-at="2024-01-07T18:58:31 EST" duration-ms="6270" status="PASS">
          <params>
            <param index="0">
              <value>
                <![CDATA["Login with valid credentials"]]>
              </value>
            </param>
            <param index="1">
              <value>
                <![CDATA["Login functionality of TutorialsNinja"]]>
              </value>
            </param>
          </params>
          <reporter-output>
          </reporter-output>
        </test-method> <!-- runScenario -->
        <test-method signature="runScenario(io.cucumber.testng.PickleWrapper,io.cucumber.testng.FeatureWrapper)[pri:0, instance:com.bdd.Runner_files.Test_Runner_TestNG@1a75e76a]" started-at="2024-01-07T18:58:31 EST" name="runScenario" description="Runs Cucumber Scenarios" data-provider="scenarios" finished-at="2024-01-07T18:58:37 EST" duration-ms="6546" status="PASS">
          <params>
            <param index="0">
              <value>
                <![CDATA["Login with valid credentials"]]>
              </value>
            </param>
            <param index="1">
              <value>
                <![CDATA["Login functionality of TutorialsNinja"]]>
              </value>
            </param>
          </params>
          <reporter-output>
          </reporter-output>
        </test-method> <!-- runScenario -->
        <test-method signature="runScenario(io.cucumber.testng.PickleWrapper,io.cucumber.testng.FeatureWrapper)[pri:0, instance:com.bdd.Runner_files.Test_Runner_TestNG@1a75e76a]" started-at="2024-01-07T18:58:37 EST" name="runScenario" description="Runs Cucumber Scenarios" data-provider="scenarios" finished-at="2024-01-07T18:58:43 EST" duration-ms="6003" status="PASS">
          <params>
            <param index="0">
              <value>
                <![CDATA["Login with invalid credenatils"]]>
              </value>
            </param>
            <param index="1">
              <value>
                <![CDATA["Login functionality of TutorialsNinja"]]>
              </value>
            </param>
          </params>
          <reporter-output>
          </reporter-output>
        </test-method> <!-- runScenario -->
        <test-method signature="runScenario(io.cucumber.testng.PickleWrapper,io.cucumber.testng.FeatureWrapper)[pri:0, instance:com.bdd.Runner_files.Test_Runner_TestNG@1a75e76a]" started-at="2024-01-07T18:58:43 EST" name="runScenario" description="Runs Cucumber Scenarios" data-provider="scenarios" finished-at="2024-01-07T18:58:49 EST" duration-ms="6084" status="PASS">
          <params>
            <param index="0">
              <value>
                <![CDATA["Login with valid email and invalid password"]]>
              </value>
            </param>
            <param index="1">
              <value>
                <![CDATA["Login functionality of TutorialsNinja"]]>
              </value>
            </param>
          </params>
          <reporter-output>
          </reporter-output>
        </test-method> <!-- runScenario -->
        <test-method signature="runScenario(io.cucumber.testng.PickleWrapper,io.cucumber.testng.FeatureWrapper)[pri:0, instance:com.bdd.Runner_files.Test_Runner_TestNG@1a75e76a]" started-at="2024-01-07T18:58:49 EST" name="runScenario" description="Runs Cucumber Scenarios" data-provider="scenarios" finished-at="2024-01-07T18:58:55 EST" duration-ms="5980" status="PASS">
          <params>
            <param index="0">
              <value>
                <![CDATA["login with invalid email and valid password"]]>
              </value>
            </param>
            <param index="1">
              <value>
                <![CDATA["Login functionality of TutorialsNinja"]]>
              </value>
            </param>
          </params>
          <reporter-output>
          </reporter-output>
        </test-method> <!-- runScenario -->
        <test-method signature="runScenario(io.cucumber.testng.PickleWrapper,io.cucumber.testng.FeatureWrapper)[pri:0, instance:com.bdd.Runner_files.Test_Runner_TestNG@1a75e76a]" started-at="2024-01-07T18:58:55 EST" name="runScenario" description="Runs Cucumber Scenarios" data-provider="scenarios" finished-at="2024-01-07T18:59:01 EST" duration-ms="6165" status="PASS">
          <params>
            <param index="0">
              <value>
                <![CDATA["Login without credentails"]]>
              </value>
            </param>
            <param index="1">
              <value>
                <![CDATA["Login functionality of TutorialsNinja"]]>
              </value>
            </param>
          </params>
          <reporter-output>
          </reporter-output>
        </test-method> <!-- runScenario -->
        <test-method signature="runScenario(io.cucumber.testng.PickleWrapper,io.cucumber.testng.FeatureWrapper)[pri:0, instance:com.bdd.Runner_files.Test_Runner_TestNG@1a75e76a]" started-at="2024-01-07T18:59:01 EST" name="runScenario" description="Runs Cucumber Scenarios" data-provider="scenarios" finished-at="2024-01-07T18:59:09 EST" duration-ms="7672" status="PASS">
          <params>
            <param index="0">
              <value>
                <![CDATA["Logging out of Account"]]>
              </value>
            </param>
            <param index="1">
              <value>
                <![CDATA["Logout functionality of TutorialsNinja"]]>
              </value>
            </param>
          </params>
          <reporter-output>
          </reporter-output>
        </test-method> <!-- runScenario -->
        <test-method signature="runScenario(io.cucumber.testng.PickleWrapper,io.cucumber.testng.FeatureWrapper)[pri:0, instance:com.bdd.Runner_files.Test_Runner_TestNG@1a75e76a]" started-at="2024-01-07T18:59:09 EST" name="runScenario" description="Runs Cucumber Scenarios" data-provider="scenarios" finished-at="2024-01-07T18:59:17 EST" duration-ms="7951" status="PASS">
          <params>
            <param index="0">
              <value>
                <![CDATA["Register with mandatory fields"]]>
              </value>
            </param>
            <param index="1">
              <value>
                <![CDATA["Register functionality of TutorialsNinja"]]>
              </value>
            </param>
          </params>
          <reporter-output>
          </reporter-output>
        </test-method> <!-- runScenario -->
        <test-method signature="runScenario(io.cucumber.testng.PickleWrapper,io.cucumber.testng.FeatureWrapper)[pri:0, instance:com.bdd.Runner_files.Test_Runner_TestNG@1a75e76a]" started-at="2024-01-07T18:59:17 EST" name="runScenario" description="Runs Cucumber Scenarios" data-provider="scenarios" finished-at="2024-01-07T18:59:25 EST" duration-ms="7686" status="PASS">
          <params>
            <param index="0">
              <value>
                <![CDATA["Register with all fields"]]>
              </value>
            </param>
            <param index="1">
              <value>
                <![CDATA["Register functionality of TutorialsNinja"]]>
              </value>
            </param>
          </params>
          <reporter-output>
          </reporter-output>
        </test-method> <!-- runScenario -->
        <test-method signature="runScenario(io.cucumber.testng.PickleWrapper,io.cucumber.testng.FeatureWrapper)[pri:0, instance:com.bdd.Runner_files.Test_Runner_TestNG@1a75e76a]" started-at="2024-01-07T18:59:25 EST" name="runScenario" description="Runs Cucumber Scenarios" data-provider="scenarios" finished-at="2024-01-07T18:59:32 EST" duration-ms="7416" status="PASS">
          <params>
            <param index="0">
              <value>
                <![CDATA["Register with existing email"]]>
              </value>
            </param>
            <param index="1">
              <value>
                <![CDATA["Register functionality of TutorialsNinja"]]>
              </value>
            </param>
          </params>
          <reporter-output>
          </reporter-output>
        </test-method> <!-- runScenario -->
        <test-method signature="runScenario(io.cucumber.testng.PickleWrapper,io.cucumber.testng.FeatureWrapper)[pri:0, instance:com.bdd.Runner_files.Test_Runner_TestNG@1a75e76a]" started-at="2024-01-07T18:59:32 EST" name="runScenario" description="Runs Cucumber Scenarios" data-provider="scenarios" finished-at="2024-01-07T18:59:38 EST" duration-ms="6109" status="PASS">
          <params>
            <param index="0">
              <value>
                <![CDATA["Register with no fields"]]>
              </value>
            </param>
            <param index="1">
              <value>
                <![CDATA["Register functionality of TutorialsNinja"]]>
              </value>
            </param>
          </params>
          <reporter-output>
          </reporter-output>
        </test-method> <!-- runScenario -->
        <test-method signature="runScenario(io.cucumber.testng.PickleWrapper,io.cucumber.testng.FeatureWrapper)[pri:0, instance:com.bdd.Runner_files.Test_Runner_TestNG@1a75e76a]" started-at="2024-01-07T18:59:38 EST" name="runScenario" description="Runs Cucumber Scenarios" data-provider="scenarios" finished-at="2024-01-07T18:59:44 EST" duration-ms="5420" status="PASS">
          <params>
            <param index="0">
              <value>
                <![CDATA[""]]>
              </value>
            </param>
            <param index="1">
              <value>
                <![CDATA["search product functionality of TutorialsNinja"]]>
              </value>
            </param>
          </params>
          <reporter-output>
          </reporter-output>
        </test-method> <!-- runScenario -->
        <test-method signature="runScenario(io.cucumber.testng.PickleWrapper,io.cucumber.testng.FeatureWrapper)[pri:0, instance:com.bdd.Runner_files.Test_Runner_TestNG@1a75e76a]" started-at="2024-01-07T18:59:44 EST" name="runScenario" description="Runs Cucumber Scenarios" data-provider="scenarios" finished-at="2024-01-07T18:59:49 EST" duration-ms="4960" status="PASS">
          <params>
            <param index="0">
              <value>
                <![CDATA[""]]>
              </value>
            </param>
            <param index="1">
              <value>
                <![CDATA["search product functionality of TutorialsNinja"]]>
              </value>
            </param>
          </params>
          <reporter-output>
          </reporter-output>
        </test-method> <!-- runScenario -->
        <test-method signature="runScenario(io.cucumber.testng.PickleWrapper,io.cucumber.testng.FeatureWrapper)[pri:0, instance:com.bdd.Runner_files.Test_Runner_TestNG@1a75e76a]" started-at="2024-01-07T18:59:49 EST" name="runScenario" description="Runs Cucumber Scenarios" data-provider="scenarios" finished-at="2024-01-07T18:59:54 EST" duration-ms="5295" status="PASS">
          <params>
            <param index="0">
              <value>
                <![CDATA[""]]>
              </value>
            </param>
            <param index="1">
              <value>
                <![CDATA["search product functionality of TutorialsNinja"]]>
              </value>
            </param>
          </params>
          <reporter-output>
          </reporter-output>
        </test-method> <!-- runScenario -->
        <test-method is-config="true" signature="tearDownClass()[pri:0, instance:com.bdd.Runner_files.Test_Runner_TestNG@1a75e76a]" started-at="2024-01-07T18:59:54 EST" name="tearDownClass" finished-at="2024-01-07T18:59:54 EST" duration-ms="96" status="PASS">
          <reporter-output>
          </reporter-output>
        </test-method> <!-- tearDownClass -->
      </class> <!-- com.bdd.Runner_files.Test_Runner_TestNG -->
    </test> <!-- Test -->
  </suite> <!-- Suite -->
</testng-results>
